CRITICAL - 2026-05-05 17:03:33 --> Error: Call to undefined function ul()
[Method: GET, Route: quem-somos]
in APPPATH\Views\quem_somos_content.php on line 13.
 1 SYSTEMPATH\View\View.php(226): include()
 2 SYSTEMPATH\View\View.php(229): CodeIgniter\View\View->CodeIgniter\View\{closure}()
 3 SYSTEMPATH\Common.php(1199): CodeIgniter\View\View->render('quem_somos_content', [], true)
 4 APPPATH\Controllers\Home.php(51): view('quem_somos_content', [...])
 5 SYSTEMPATH\CodeIgniter.php(933): App\Controllers\Home->quemSomos()
 6 SYSTEMPATH\CodeIgniter.php(507): CodeIgniter\CodeIgniter->runController(Object(App\Controllers\Home))
 7 SYSTEMPATH\CodeIgniter.php(354): CodeIgniter\CodeIgniter->handleRequest(null, Object(Config\Cache), false)
 8 SYSTEMPATH\Boot.php(363): CodeIgniter\CodeIgniter->run()
 9 SYSTEMPATH\Boot.php(68): CodeIgniter\Boot::runCodeIgniter(Object(CodeIgniter\CodeIgniter))
10 FCPATH\index.php(59): CodeIgniter\Boot::bootWeb(Object(Config\Paths))
CRITICAL - 2026-05-05 17:03:43 --> Error: Call to undefined function ul()
[Method: GET, Route: quem-somos]
in APPPATH\Views\quem_somos_content.php on line 13.
 1 SYSTEMPATH\View\View.php(226): include()
 2 SYSTEMPATH\View\View.php(229): CodeIgniter\View\View->CodeIgniter\View\{closure}()
 3 SYSTEMPATH\Common.php(1199): CodeIgniter\View\View->render('quem_somos_content', [], true)
 4 APPPATH\Controllers\Home.php(51): view('quem_somos_content', [...])
 5 SYSTEMPATH\CodeIgniter.php(933): App\Controllers\Home->quemSomos()
 6 SYSTEMPATH\CodeIgniter.php(507): CodeIgniter\CodeIgniter->runController(Object(App\Controllers\Home))
 7 SYSTEMPATH\CodeIgniter.php(354): CodeIgniter\CodeIgniter->handleRequest(null, Object(Config\Cache), false)
 8 SYSTEMPATH\Boot.php(363): CodeIgniter\CodeIgniter->run()
 9 SYSTEMPATH\Boot.php(68): CodeIgniter\Boot::runCodeIgniter(Object(CodeIgniter\CodeIgniter))
10 FCPATH\index.php(59): CodeIgniter\Boot::bootWeb(Object(Config\Paths))
CRITICAL - 2026-05-05 17:25:31 --> ErrorException: Undefined array key 0
[Method: GET, Route: quem-somos]
in APPPATH\Views\quem_somos_content.php on line 27.
 1 APPPATH\Views\quem_somos_content.php(27): CodeIgniter\Debug\Exceptions->errorHandler(2, 'Undefined array key 0', 'C:\\Users\\0077110\\Documents\\dev\\WEB-II\\006\\app\\Views\\quem_somos_content.php', 27)
 2 SYSTEMPATH\View\View.php(226): include('C:\\Users\\0077110\\Documents\\dev\\WEB-II\\006\\app\\Views\\quem_somos_content.php')
 3 SYSTEMPATH\View\View.php(229): CodeIgniter\View\View->CodeIgniter\View\{closure}()
 4 SYSTEMPATH\Common.php(1199): CodeIgniter\View\View->render('quem_somos_content', [], true)
 5 APPPATH\Controllers\Home.php(53): view('quem_somos_content', [...])
 6 SYSTEMPATH\CodeIgniter.php(933): App\Controllers\Home->quemSomos()
 7 SYSTEMPATH\CodeIgniter.php(507): CodeIgniter\CodeIgniter->runController(Object(App\Controllers\Home))
 8 SYSTEMPATH\CodeIgniter.php(354): CodeIgniter\CodeIgniter->handleRequest(null, Object(Config\Cache), false)
 9 SYSTEMPATH\Boot.php(363): CodeIgniter\CodeIgniter->run()
10 SYSTEMPATH\Boot.php(68): CodeIgniter\Boot::runCodeIgniter(Object(CodeIgniter\CodeIgniter))
11 FCPATH\index.php(59): CodeIgniter\Boot::bootWeb(Object(Config\Paths))
